<?xml version="1.0" encoding="UTF-8"?>
<!-- Generated by org.testng.reporters.JUnitReportReporter -->
<testsuite hostname="FVFHXJ38Q6LR" failures="0" tests="1" name="demo.PATCH" time="2.794" errors="0" timestamp="2023-05-16T16:56:35 IST" skipped="0">
  <testcase classname="demo.PATCH" name="tes1" time="2.794"/>
  <system-out/>
</testsuite> <!-- demo.PATCH -->
