<?xml version="1.0" encoding="UTF-8"?>
<!-- Generated by org.testng.reporters.JUnitReportReporter -->
<testsuite hostname="FVFHXJ38Q6LR" failures="0" tests="1" name="demo.POST" time="2.922" errors="0" timestamp="2023-05-16T12:26:20 IST" skipped="0">
  <testcase classname="demo.POST" name="tes1" time="2.922"/>
  <system-out/>
</testsuite> <!-- demo.POST -->
