<?xml version="1.0" encoding="UTF-8"?>
<!-- Generated by org.testng.reporters.JUnitReportReporter -->
<testsuite hostname="FVFHXJ38Q6LR" failures="0" tests="1" name="demo.DELETE" time="3.835" errors="0" timestamp="2023-05-16T14:54:47 IST" skipped="0">
  <testcase classname="demo.DELETE" name="tes1" time="3.835"/>
  <system-out/>
</testsuite> <!-- demo.DELETE -->
