<?xml version="1.0" encoding="UTF-8"?>
<!-- Generated by org.testng.reporters.JUnitReportReporter -->
<testsuite hostname="FVFHXJ38Q6LR" failures="0" tests="1" name="PBL.pbl1" time="3.012" errors="0" timestamp="2023-05-16T14:05:37 IST" skipped="0">
  <testcase classname="PBL.pbl1" name="test_ListUsers" time="3.012"/>
  <system-out/>
</testsuite> <!-- PBL.pbl1 -->
