<?xml version="1.0" encoding="UTF-8"?>
<!-- Generated by org.testng.reporters.JUnitReportReporter -->
<testsuite hostname="FVFHXJ38Q6LR" failures="0" tests="1" name="demo.GET" time="2.878" errors="0" timestamp="2023-05-16T12:11:22 IST" skipped="0">
  <testcase classname="demo.GET" name="tes1" time="2.878"/>
  <system-out/>
</testsuite> <!-- demo.GET -->
